INFO  2019-07-23 14:43:25.087 [1] ARISSend.ARISSendForm receiptConnectTcpCheckBox_CheckedChanged - 既読ソケット接続を開始します
INFO  2019-07-23 14:43:26.317 [1] ARISSend.Model.MessageCreator.BaseMsgCreator ConnectTcp - 既読:接続します
DEBUG 2019-07-23 14:43:26.327 [1] ARISSend.Model.ReportDokueiInfoTcpClient ConnectTcp - ソケット接続します。Host=192.168.100.50, Port=16030, ConnectionTimeout=10000, SendTimeout=30000, ReceiveTimeout=30000
DEBUG 2019-07-23 14:43:26.335 [1] RISCommonLibrary.Lib.Compornent.SimpleTcpClient Connect - Connectします
DEBUG 2019-07-23 14:43:26.356 [1] RISCommonLibrary.Lib.Compornent.SimpleTcpClient Connect - Connectしました
INFO  2019-07-23 14:43:26.911 [1] ARISSend.ARISSendForm receiptConnectTcpCheckBox_CheckedChanged - 既読ソケット接続を開始しました
DEBUG 2019-07-23 14:43:32.474 [1] ARISSend.Model.ReportDokueiInfoHelper WriteDbCommandLogForLog4net - SELECT RI.ID, RI.REVISION FROM REPORTINFO RI LEFT JOIN REPORTDOKUEIINFO RD ON  RI.ID = RD.ID WHERE RI.CHECKFLG = '1' AND RD.ID IS NULL
DEBUG 2019-07-23 14:43:32.524 [1] ARISSend.Model.ReportDokueiInfoHelper WriteDataReaderLogForLog4net - リーダオブジェクトをログ出力します
DEBUG 2019-07-23 14:43:32.546 [1] ARISSend.Model.ReportDokueiInfoHelper WriteDataReaderLogForLog4net - Index:0, Name:ID, FieldType:System.String, IsDBNull:False, Value:000000000000000006
DEBUG 2019-07-23 14:43:32.554 [1] ARISSend.Model.ReportDokueiInfoHelper WriteDataReaderLogForLog4net - Index:1, Name:REVISION, FieldType:System.Int16, IsDBNull:False, Value:-1
INFO  2019-07-23 14:43:32.569 [1] ARISSend.Model.ReportDokueiInfoSender Send - IF処理開始します。RequestID=000000000000000006
DEBUG 2019-07-23 14:43:32.574 [1] ARISSend.Model.ReportDokueiInfoSender Send - 古いログファイルを削除します
DEBUG 2019-07-23 14:43:32.617 [1] ARISSend.Model.ReportDokueiInfoSender Send - 電文作成者を作成します
INFO  2019-07-23 14:43:32.623 [1] ARISSend.Model.ReportDokueiInfoSender Send - 電文を作成します。種別=000000000000000006
INFO  2019-07-23 14:43:33.312 [1] ARISSend.Model.MessageCreator.BaseMsgCreator CreateMsg - 既読情報を取得します
DEBUG 2019-07-23 14:43:33.323 [1] ARISSend.Model.MessageCreator.BaseMsgCreator WriteDbCommandLogForLog4net - SELECT EI.ODRID odrid, EI.PATID patid, TO_CHAR(RI.CHECKDATE, 'YYYYMMDD') checkdate_yyyymmdd, TO_CHAR(RI.CHECKDATE, 'HH24MI') checkdate_hh24mi, UM.USERID userid FROM EXAMINFO EI JOIN REPORTINFO RI ON  EI.RPTID = RI.ID JOIN USERMANAGE UM ON  RI.CHECKDOCTOR = UM.USERID WHERE EI.RPTID = :rptid 
DEBUG 2019-07-23 14:43:33.330 [1] ARISSend.Model.MessageCreator.BaseMsgCreator WriteDbCommandLogForLog4net - Index:0,Direction:Input,IsNullable:False,Name:rptid,Type:String,Value:000000000000000006
DEBUG 2019-07-23 14:43:33.372 [1] ARISSend.Model.MessageCreator.BaseMsgCreator WriteDataReaderLogForLog4net - リーダオブジェクトをログ出力します
DEBUG 2019-07-23 14:43:33.381 [1] ARISSend.Model.MessageCreator.BaseMsgCreator WriteDataReaderLogForLog4net - Index:0, Name:ODRID, FieldType:System.String, IsDBNull:True, Value:
DEBUG 2019-07-23 14:43:33.388 [1] ARISSend.Model.MessageCreator.BaseMsgCreator WriteDataReaderLogForLog4net - Index:1, Name:PATID, FieldType:System.String, IsDBNull:False, Value:0000000001
DEBUG 2019-07-23 14:43:33.395 [1] ARISSend.Model.MessageCreator.BaseMsgCreator WriteDataReaderLogForLog4net - Index:2, Name:CHECKDATE_YYYYMMDD, FieldType:System.String, IsDBNull:True, Value:
DEBUG 2019-07-23 14:43:33.403 [1] ARISSend.Model.MessageCreator.BaseMsgCreator WriteDataReaderLogForLog4net - Index:3, Name:CHECKDATE_HH24MI, FieldType:System.String, IsDBNull:True, Value:
DEBUG 2019-07-23 14:43:33.416 [1] ARISSend.Model.MessageCreator.BaseMsgCreator WriteDataReaderLogForLog4net - Index:4, Name:USERID, FieldType:System.String, IsDBNull:False, Value:YOKOGAWA
INFO  2019-07-23 14:43:34.224 [1] ARISSend.Model.ReportDokueiInfoSender Send - 送信処理を行います
DEBUG 2019-07-23 14:43:34.791 [1] ARISSend.Model.ReportDokueiInfoTcpClient SendRecv - ソケット送信します
INFO  2019-07-23 14:43:34.801 [1] ARISSend.Model.ReportDokueiInfoTcpClient SendRecv - ソケット送信電文ログファイル名=20190723144334798_06_SEND.log
INFO  2019-07-23 14:43:34.818 [1] RISCommonLibrary.Lib.Compornent.SimpleTcpClient Send - Sendします
INFO  2019-07-23 14:43:34.827 [1] RISCommonLibrary.Lib.Compornent.SimpleTcpClient Send - Sendしました
DEBUG 2019-07-23 14:43:34.833 [1] ARISSend.Model.ReportDokueiInfoTcpClient SendRecv - ソケット受信します
INFO  2019-07-23 14:43:34.840 [1] RISCommonLibrary.Lib.Compornent.SimpleTcpClient Read - Readします
DEBUG 2019-07-23 14:43:34.851 [1] RISCommonLibrary.Lib.Compornent.SimpleTcpClient Read - ReadStart
DEBUG 2019-07-23 14:43:34.860 [1] RISCommonLibrary.Lib.Compornent.SimpleTcpClient Read - ReadEnd=52バイト
INFO  2019-07-23 14:43:34.878 [1] RISCommonLibrary.Lib.Compornent.SimpleTcpClient Read - Readしました
INFO  2019-07-23 14:43:35.031 [1] ARISSend.Model.ReportDokueiInfoTcpClient SendRecv - ソケット受信電文ログファイル名=20190723144334798_41_RECV.log
DEBUG 2019-07-23 14:43:35.282 [1] ARISSend.Model.ReportDokueiInfoSender CheckResponseWithRetry - 電文受信結果=41
INFO  2019-07-23 14:43:35.294 [1] ARISSend.Model.ReportDokueiInfoSender Send - データベース更新処理を行います
DEBUG 2019-07-23 14:43:35.470 [1] ARISSend.Model.ReportDokueiInfoSender UpdateDBNormal - UpdateDB開始します
DEBUG 2019-07-23 14:43:45.826 [1] ARISSend.Model.ReportDokueiInfoHelper WriteDbCommandLogForLog4net - insert into reportdokueiinfo( ID, REVISION, TRANSFERDATE, TRANSFERTEXT ) values(:id, :revision, SYSDATE, :transfertext ) 
DEBUG 2019-07-23 14:43:45.834 [1] ARISSend.Model.ReportDokueiInfoHelper WriteDbCommandLogForLog4net - Index:0,Direction:Input,IsNullable:False,Name:id,Type:String,Value:000000000000000006
DEBUG 2019-07-23 14:43:45.841 [1] ARISSend.Model.ReportDokueiInfoHelper WriteDbCommandLogForLog4net - Index:1,Direction:Input,IsNullable:False,Name:revision,Type:String,Value:-1
DEBUG 2019-07-23 14:43:45.849 [1] ARISSend.Model.ReportDokueiInfoHelper WriteDbCommandLogForLog4net - Index:2,Direction:Input,IsNullable:False,Name:transfertext,Type:String,Value:00
DEBUG 2019-07-23 14:43:45.854 [1] ARISSend.Model.ReportDokueiInfoHelper UpdateToDB - REPORTDOKUEIINFOテーブルを更新します
DEBUG 2019-07-23 14:43:45.874 [1] ARISSend.Model.ReportDokueiInfoHelper UpdateToDB - REPORTDOKUEIINFOテーブルを更新しました
DEBUG 2019-07-23 14:43:45.881 [1] ARISSend.Model.ReportDokueiInfoSender UpdateDBNormal - UpdateDB終了しました
INFO  2019-07-23 14:43:45.886 [1] ARISSend.Model.ReportDokueiInfoSender Send - IF処理終了します。RequestID=000000000000000006
DEBUG 2019-07-23 14:44:32.221 [1] ARISSend.Model.MessageCreator.BaseMsgCreator RequestClose - 既読:回線切断要求を送信します
DEBUG 2019-07-23 14:44:33.069 [1] ARISSend.Model.ReportDokueiInfoTcpClient SendRecv - ソケット送信します
INFO  2019-07-23 14:44:33.078 [1] ARISSend.Model.ReportDokueiInfoTcpClient SendRecv - ソケット送信電文ログファイル名=20190723144433076_09_SEND.log
INFO  2019-07-23 14:44:33.091 [1] RISCommonLibrary.Lib.Compornent.SimpleTcpClient Send - Sendします
INFO  2019-07-23 14:44:33.097 [1] RISCommonLibrary.Lib.Compornent.SimpleTcpClient Send - Sendしました
DEBUG 2019-07-23 14:44:33.106 [1] ARISSend.Model.ReportDokueiInfoTcpClient SendRecv - ソケット受信します
INFO  2019-07-23 14:44:33.113 [1] RISCommonLibrary.Lib.Compornent.SimpleTcpClient Read - Readします
DEBUG 2019-07-23 14:44:33.119 [1] RISCommonLibrary.Lib.Compornent.SimpleTcpClient Read - ReadStart
DEBUG 2019-07-23 14:44:33.125 [1] RISCommonLibrary.Lib.Compornent.SimpleTcpClient Read - ReadEnd=52バイト
INFO  2019-07-23 14:44:33.131 [1] RISCommonLibrary.Lib.Compornent.SimpleTcpClient Read - Readしました
INFO  2019-07-23 14:44:33.766 [1] ARISSend.Model.ReportDokueiInfoTcpClient SendRecv - ソケット受信電文ログファイル名=20190723144433076_41_RECV.log
INFO  2019-07-23 14:44:33.777 [1] ARISSend.Model.MessageCreator.BaseMsgCreator DisConnectTcp - 既読:切断します
DEBUG 2019-07-23 14:44:33.788 [1] ARISSend.Model.ReportDokueiInfoTcpClient DisConnectTcp - DisConnectTcpします
DEBUG 2019-07-23 14:44:33.795 [1] ARISSend.Model.ReportDokueiInfoTcpClient DisConnectTcp - ソケット切断します
DEBUG 2019-07-23 14:44:33.812 [1] RISCommonLibrary.Lib.Compornent.SimpleTcpClient DisConnect - DisConnectします
DEBUG 2019-07-23 14:44:33.822 [1] RISCommonLibrary.Lib.Compornent.SimpleTcpClient CloseNetworkStream - CloseNetworkStreamします
DEBUG 2019-07-23 14:44:33.827 [1] RISCommonLibrary.Lib.Compornent.SimpleTcpClient CloseNetworkStream - CloseNetworkStreamしました
DEBUG 2019-07-23 14:44:33.838 [1] RISCommonLibrary.Lib.Compornent.SimpleTcpClient CloseTcpClient - CloseTcpClientします
DEBUG 2019-07-23 14:44:33.846 [1] RISCommonLibrary.Lib.Compornent.SimpleTcpClient CloseTcpClient - CloseTcpClientしました
DEBUG 2019-07-23 14:44:33.852 [1] RISCommonLibrary.Lib.Compornent.SimpleTcpClient DisConnect - DisConnectしました
DEBUG 2019-07-23 14:44:33.860 [1] ARISSend.Model.ReportDokueiInfoTcpClient DisConnectTcp - DisConnectTcpしました
INFO  2019-07-23 15:01:02.681 [1] ARISSend.ARISSendForm receiptConnectTcpCheckBox_CheckedChanged - 既読ソケット接続を開始します
INFO  2019-07-23 15:01:03.782 [1] ARISSend.Model.MessageCreator.BaseMsgCreator ConnectTcp - 既読:接続します
DEBUG 2019-07-23 15:01:03.797 [1] ARISSend.Model.ReportDokueiInfoTcpClient ConnectTcp - ソケット接続します。Host=192.168.100.50, Port=16030, ConnectionTimeout=10000, SendTimeout=30000, ReceiveTimeout=30000
DEBUG 2019-07-23 15:01:03.809 [1] RISCommonLibrary.Lib.Compornent.SimpleTcpClient Connect - Connectします
DEBUG 2019-07-23 15:01:03.826 [1] RISCommonLibrary.Lib.Compornent.SimpleTcpClient Connect - Connectしました
INFO  2019-07-23 15:01:04.543 [1] ARISSend.ARISSendForm receiptConnectTcpCheckBox_CheckedChanged - 既読ソケット接続を開始しました
DEBUG 2019-07-23 15:01:07.943 [1] ARISSend.Model.ServiceLooper StopLoop - プログラムへ停止指示します
ERROR 2019-07-23 15:01:13.304 [1] ARISSend.Model.ServiceLooper ExcecuteOne - 致命的なエラーが発生しました。
ERROR 2019-07-23 15:01:13.316 [1] ARISSend.Model.ServiceLooper ExcecuteOne - Oracle.DataAccess.Client.OracleException ORA-01033: Oracleの初期化またはシャットダウン中です。    場所 Oracle.DataAccess.Client.OracleException.HandleErrorHelper(Int32 errCode, OracleConnection conn, IntPtr opsErrCtx, OpoSqlValCtx* pOpoSqlValCtx, Object src, String procedure, Boolean bCheck, Int32 isRecoverable)
   場所 Oracle.DataAccess.Client.OracleException.HandleError(Int32 errCode, Object src, Int32 isRecoverable)
   場所 Oracle.DataAccess.Client.OracleConnection.Open()
   場所 RISODPLibrary.Lib.Utils.ODPConnectionUtils.Connect(String connectionString) 場所 C:\taira_work\RIS\Library\RISODPLibrary\Lib\Utils\ODPConnectionUtils.cs:行 20
   場所 ARISSend.Model.ServiceLooper.ExcecuteOne() 場所 C:\taira_work\RIS\Project\ReportKidokuInterface\ARISSendReceipt\Model\ServiceLooper.cs:行 123
INFO  2019-07-23 15:49:23.782 [1] ARISSend.ARISSendForm receiptConnectTcpCheckBox_CheckedChanged - 既読ソケット接続を開始します
INFO  2019-07-23 15:49:25.048 [1] ARISSend.Model.MessageCreator.BaseMsgCreator ConnectTcp - 既読:接続します
DEBUG 2019-07-23 15:49:25.059 [1] ARISSend.Model.ReportDokueiInfoTcpClient ConnectTcp - ソケット接続します。Host=192.168.100.50, Port=16030, ConnectionTimeout=10000, SendTimeout=30000, ReceiveTimeout=30000
DEBUG 2019-07-23 15:49:25.065 [1] RISCommonLibrary.Lib.Compornent.SimpleTcpClient Connect - Connectします
DEBUG 2019-07-23 15:49:25.086 [1] RISCommonLibrary.Lib.Compornent.SimpleTcpClient Connect - Connectしました
INFO  2019-07-23 15:49:25.314 [1] ARISSend.ARISSendForm receiptConnectTcpCheckBox_CheckedChanged - 既読ソケット接続を開始しました
DEBUG 2019-07-23 15:49:33.680 [1] ARISSend.Model.ReportDokueiInfoHelper WriteDbCommandLogForLog4net - SELECT RI.ID, RI.REVISION FROM REPORTINFO RI LEFT JOIN REPORTDOKUEIINFO RD ON  RI.ID = RD.ID WHERE RI.CHECKFLG = '1' AND RD.ID IS NULL
DEBUG 2019-07-23 15:49:33.748 [1] ARISSend.Model.ReportDokueiInfoHelper WriteDataReaderLogForLog4net - リーダオブジェクトをログ出力します
DEBUG 2019-07-23 15:49:33.764 [1] ARISSend.Model.ReportDokueiInfoHelper WriteDataReaderLogForLog4net - Index:0, Name:ID, FieldType:System.String, IsDBNull:False, Value:000000000000000012
DEBUG 2019-07-23 15:49:33.771 [1] ARISSend.Model.ReportDokueiInfoHelper WriteDataReaderLogForLog4net - Index:1, Name:REVISION, FieldType:System.Int16, IsDBNull:False, Value:0
INFO  2019-07-23 15:49:33.785 [1] ARISSend.Model.ReportDokueiInfoSender Send - IF処理開始します。RequestID=000000000000000012
DEBUG 2019-07-23 15:49:33.792 [1] ARISSend.Model.ReportDokueiInfoSender Send - 古いログファイルを削除します
DEBUG 2019-07-23 15:49:33.807 [1] ARISSend.Model.ReportDokueiInfoSender Send - 電文作成者を作成します
INFO  2019-07-23 15:49:33.813 [1] ARISSend.Model.ReportDokueiInfoSender Send - 電文を作成します。種別=000000000000000012
INFO  2019-07-23 15:49:42.289 [1] ARISSend.Model.MessageCreator.BaseMsgCreator CreateMsg - 既読情報を取得します
DEBUG 2019-07-23 15:49:42.301 [1] ARISSend.Model.MessageCreator.BaseMsgCreator WriteDbCommandLogForLog4net - SELECT EI.ODRID odrid, EI.PATID patid, TO_CHAR(RI.CHECKDATE, 'YYYYMMDD') checkdate_yyyymmdd, TO_CHAR(RI.CHECKDATE, 'HH24MI') checkdate_hh24mi, UM.USERID userid FROM EXAMINFO EI JOIN REPORTINFO RI ON  EI.RPTID = RI.ID JOIN USERMANAGE UM ON  RI.CHECKDOCTOR = UM.USERID WHERE EI.RPTID = :rptid 
DEBUG 2019-07-23 15:49:42.309 [1] ARISSend.Model.MessageCreator.BaseMsgCreator WriteDbCommandLogForLog4net - Index:0,Direction:Input,IsNullable:False,Name:rptid,Type:String,Value:000000000000000012
DEBUG 2019-07-23 15:49:42.324 [1] ARISSend.Model.MessageCreator.BaseMsgCreator WriteDataReaderLogForLog4net - リーダオブジェクトをログ出力します
DEBUG 2019-07-23 15:49:42.330 [1] ARISSend.Model.MessageCreator.BaseMsgCreator WriteDataReaderLogForLog4net - Index:0, Name:ODRID, FieldType:System.String, IsDBNull:False, Value:5555555
DEBUG 2019-07-23 15:49:42.338 [1] ARISSend.Model.MessageCreator.BaseMsgCreator WriteDataReaderLogForLog4net - Index:1, Name:PATID, FieldType:System.String, IsDBNull:False, Value:0000000001
DEBUG 2019-07-23 15:49:42.344 [1] ARISSend.Model.MessageCreator.BaseMsgCreator WriteDataReaderLogForLog4net - Index:2, Name:CHECKDATE_YYYYMMDD, FieldType:System.String, IsDBNull:True, Value:
DEBUG 2019-07-23 15:49:42.349 [1] ARISSend.Model.MessageCreator.BaseMsgCreator WriteDataReaderLogForLog4net - Index:3, Name:CHECKDATE_HH24MI, FieldType:System.String, IsDBNull:True, Value:
DEBUG 2019-07-23 15:49:42.355 [1] ARISSend.Model.MessageCreator.BaseMsgCreator WriteDataReaderLogForLog4net - Index:4, Name:USERID, FieldType:System.String, IsDBNull:False, Value:YOKOGAWA
INFO  2019-07-23 15:49:42.643 [1] ARISSend.Model.ReportDokueiInfoSender Send - 送信処理を行います
DEBUG 2019-07-23 15:49:42.986 [1] ARISSend.Model.ReportDokueiInfoTcpClient SendRecv - ソケット送信します
INFO  2019-07-23 15:49:43.010 [1] ARISSend.Model.ReportDokueiInfoTcpClient SendRecv - ソケット送信電文ログファイル名=20190723154943007_06_SEND.log
INFO  2019-07-23 15:49:43.044 [1] RISCommonLibrary.Lib.Compornent.SimpleTcpClient Send - Sendします
INFO  2019-07-23 15:49:43.051 [1] RISCommonLibrary.Lib.Compornent.SimpleTcpClient Send - Sendしました
DEBUG 2019-07-23 15:49:43.058 [1] ARISSend.Model.ReportDokueiInfoTcpClient SendRecv - ソケット受信します
INFO  2019-07-23 15:49:43.064 [1] RISCommonLibrary.Lib.Compornent.SimpleTcpClient Read - Readします
DEBUG 2019-07-23 15:49:43.070 [1] RISCommonLibrary.Lib.Compornent.SimpleTcpClient Read - ReadStart
DEBUG 2019-07-23 15:49:43.076 [1] RISCommonLibrary.Lib.Compornent.SimpleTcpClient Read - ReadEnd=52バイト
INFO  2019-07-23 15:49:43.086 [1] RISCommonLibrary.Lib.Compornent.SimpleTcpClient Read - Readしました
INFO  2019-07-23 15:49:43.323 [1] ARISSend.Model.ReportDokueiInfoTcpClient SendRecv - ソケット受信電文ログファイル名=20190723154943007_41_RECV.log
DEBUG 2019-07-23 15:49:43.640 [1] ARISSend.Model.ReportDokueiInfoSender CheckResponseWithRetry - 電文受信結果=41
INFO  2019-07-23 15:49:43.649 [1] ARISSend.Model.ReportDokueiInfoSender Send - データベース更新処理を行います
DEBUG 2019-07-23 15:49:43.807 [1] ARISSend.Model.ReportDokueiInfoSender UpdateDBNormal - UpdateDB開始します
DEBUG 2019-07-23 15:49:44.170 [1] ARISSend.Model.ReportDokueiInfoHelper WriteDbCommandLogForLog4net - insert into reportdokueiinfo( ID, REVISION, TRANSFERDATE, TRANSFERTEXT ) values(:id, :revision, SYSDATE, :transfertext ) 
DEBUG 2019-07-23 15:49:44.178 [1] ARISSend.Model.ReportDokueiInfoHelper WriteDbCommandLogForLog4net - Index:0,Direction:Input,IsNullable:False,Name:id,Type:String,Value:000000000000000012
DEBUG 2019-07-23 15:49:44.183 [1] ARISSend.Model.ReportDokueiInfoHelper WriteDbCommandLogForLog4net - Index:1,Direction:Input,IsNullable:False,Name:revision,Type:String,Value:0
DEBUG 2019-07-23 15:49:44.189 [1] ARISSend.Model.ReportDokueiInfoHelper WriteDbCommandLogForLog4net - Index:2,Direction:Input,IsNullable:False,Name:transfertext,Type:String,Value:00
DEBUG 2019-07-23 15:49:44.194 [1] ARISSend.Model.ReportDokueiInfoHelper UpdateToDB - REPORTDOKUEIINFOテーブルを更新します
DEBUG 2019-07-23 15:49:44.211 [1] ARISSend.Model.ReportDokueiInfoHelper UpdateToDB - REPORTDOKUEIINFOテーブルを更新しました
DEBUG 2019-07-23 15:49:44.217 [1] ARISSend.Model.ReportDokueiInfoSender UpdateDBNormal - UpdateDB終了しました
INFO  2019-07-23 15:49:44.223 [1] ARISSend.Model.ReportDokueiInfoSender Send - IF処理終了します。RequestID=000000000000000012
INFO  2019-07-23 16:27:35.578 [1] ARISSend.ARISSendForm receiptConnectTcpCheckBox_CheckedChanged - 既読ソケット接続を開始します
INFO  2019-07-23 16:27:37.198 [1] ARISSend.Model.MessageCreator.BaseMsgCreator ConnectTcp - 既読:接続します
DEBUG 2019-07-23 16:27:37.211 [1] ARISSend.Model.ReportDokueiInfoTcpClient ConnectTcp - ソケット接続します。Host=192.168.100.50, Port=16030, ConnectionTimeout=10000, SendTimeout=30000, ReceiveTimeout=30000
DEBUG 2019-07-23 16:27:37.220 [1] RISCommonLibrary.Lib.Compornent.SimpleTcpClient Connect - Connectします
DEBUG 2019-07-23 16:27:37.235 [1] RISCommonLibrary.Lib.Compornent.SimpleTcpClient Connect - Connectしました
INFO  2019-07-23 16:27:38.113 [1] ARISSend.ARISSendForm receiptConnectTcpCheckBox_CheckedChanged - 既読ソケット接続を開始しました
INFO  2019-07-23 16:27:40.743 [1] ARISSend.ARISSendForm receiptRequestCheckBox_CheckedChanged - 既読接続開始要求を開始します
DEBUG 2019-07-23 16:27:40.750 [1] ARISSend.Model.MessageCreator.BaseMsgCreator RequestOpen - 既読:回線接続要求を送信します
DEBUG 2019-07-23 16:27:42.858 [1] ARISSend.Model.ReportDokueiInfoTcpClient SendRecv - ソケット送信します
INFO  2019-07-23 16:27:42.872 [1] ARISSend.Model.ReportDokueiInfoTcpClient SendRecv - ソケット送信電文ログファイル名=20190723162742869_10_SEND.log
INFO  2019-07-23 16:27:42.953 [1] RISCommonLibrary.Lib.Compornent.SimpleTcpClient Send - Sendします
INFO  2019-07-23 16:27:42.963 [1] RISCommonLibrary.Lib.Compornent.SimpleTcpClient Send - Sendしました
DEBUG 2019-07-23 16:27:42.983 [1] ARISSend.Model.ReportDokueiInfoTcpClient SendRecv - ソケット受信します
INFO  2019-07-23 16:27:42.991 [1] RISCommonLibrary.Lib.Compornent.SimpleTcpClient Read - Readします
DEBUG 2019-07-23 16:27:43.000 [1] RISCommonLibrary.Lib.Compornent.SimpleTcpClient Read - ReadStart
DEBUG 2019-07-23 16:27:43.008 [1] RISCommonLibrary.Lib.Compornent.SimpleTcpClient Read - ReadEnd=52バイト
INFO  2019-07-23 16:27:43.024 [1] RISCommonLibrary.Lib.Compornent.SimpleTcpClient Read - Readしました
INFO  2019-07-23 16:27:43.637 [1] ARISSend.Model.ReportDokueiInfoTcpClient SendRecv - ソケット受信電文ログファイル名=20190723162742869_41_RECV.log
INFO  2019-07-23 16:27:43.669 [1] ARISSend.ARISSendForm receiptRequestCheckBox_CheckedChanged - 既読接続開始要求を終了しました
ERROR 2019-07-23 16:27:49.283 [1] ARISSend.Model.ServiceLooper ExcecuteOne - 致命的なエラーが発生しました。
ERROR 2019-07-23 16:27:49.290 [1] ARISSend.Model.ServiceLooper ExcecuteOne - Oracle.DataAccess.Client.OracleException ORA-01034: Oracleは使用できません。    場所 Oracle.DataAccess.Client.OracleException.HandleErrorHelper(Int32 errCode, OracleConnection conn, IntPtr opsErrCtx, OpoSqlValCtx* pOpoSqlValCtx, Object src, String procedure, Boolean bCheck, Int32 isRecoverable)
   場所 Oracle.DataAccess.Client.OracleException.HandleError(Int32 errCode, Object src, Int32 isRecoverable)
   場所 Oracle.DataAccess.Client.OracleConnection.Open()
   場所 RISODPLibrary.Lib.Utils.ODPConnectionUtils.Connect(String connectionString) 場所 C:\taira_work\RIS\Library\RISODPLibrary\Lib\Utils\ODPConnectionUtils.cs:行 20
   場所 ARISSend.Model.ServiceLooper.ExcecuteOne() 場所 C:\taira_work\RIS\Project\ReportKidokuInterface\ARISSendReceipt\Model\ServiceLooper.cs:行 123
ERROR 2019-07-23 16:28:11.709 [1] ARISSend.Model.ServiceLooper ExcecuteOne - 致命的なエラーが発生しました。
ERROR 2019-07-23 16:28:11.715 [1] ARISSend.Model.ServiceLooper ExcecuteOne - Oracle.DataAccess.Client.OracleException ORA-01034: Oracleは使用できません。    場所 Oracle.DataAccess.Client.OracleException.HandleErrorHelper(Int32 errCode, OracleConnection conn, IntPtr opsErrCtx, OpoSqlValCtx* pOpoSqlValCtx, Object src, String procedure, Boolean bCheck, Int32 isRecoverable)
   場所 Oracle.DataAccess.Client.OracleException.HandleError(Int32 errCode, Object src, Int32 isRecoverable)
   場所 Oracle.DataAccess.Client.OracleConnection.Open()
   場所 RISODPLibrary.Lib.Utils.ODPConnectionUtils.Connect(String connectionString) 場所 C:\taira_work\RIS\Library\RISODPLibrary\Lib\Utils\ODPConnectionUtils.cs:行 20
   場所 ARISSend.Model.ServiceLooper.ExcecuteOne() 場所 C:\taira_work\RIS\Project\ReportKidokuInterface\ARISSendReceipt\Model\ServiceLooper.cs:行 123
ERROR 2019-07-23 16:28:13.077 [1] ARISSend.Model.ServiceLooper ExcecuteOne - 致命的なエラーが発生しました。
ERROR 2019-07-23 16:28:13.083 [1] ARISSend.Model.ServiceLooper ExcecuteOne - Oracle.DataAccess.Client.OracleException ORA-01034: Oracleは使用できません。    場所 Oracle.DataAccess.Client.OracleException.HandleErrorHelper(Int32 errCode, OracleConnection conn, IntPtr opsErrCtx, OpoSqlValCtx* pOpoSqlValCtx, Object src, String procedure, Boolean bCheck, Int32 isRecoverable)
   場所 Oracle.DataAccess.Client.OracleException.HandleError(Int32 errCode, Object src, Int32 isRecoverable)
   場所 Oracle.DataAccess.Client.OracleConnection.Open()
   場所 RISODPLibrary.Lib.Utils.ODPConnectionUtils.Connect(String connectionString) 場所 C:\taira_work\RIS\Library\RISODPLibrary\Lib\Utils\ODPConnectionUtils.cs:行 20
   場所 ARISSend.Model.ServiceLooper.ExcecuteOne() 場所 C:\taira_work\RIS\Project\ReportKidokuInterface\ARISSendReceipt\Model\ServiceLooper.cs:行 123
ERROR 2019-07-23 16:28:15.327 [1] ARISSend.Model.ServiceLooper ExcecuteOne - 致命的なエラーが発生しました。
ERROR 2019-07-23 16:28:15.333 [1] ARISSend.Model.ServiceLooper ExcecuteOne - Oracle.DataAccess.Client.OracleException ORA-01034: Oracleは使用できません。    場所 Oracle.DataAccess.Client.OracleException.HandleErrorHelper(Int32 errCode, OracleConnection conn, IntPtr opsErrCtx, OpoSqlValCtx* pOpoSqlValCtx, Object src, String procedure, Boolean bCheck, Int32 isRecoverable)
   場所 Oracle.DataAccess.Client.OracleException.HandleError(Int32 errCode, Object src, Int32 isRecoverable)
   場所 Oracle.DataAccess.Client.OracleConnection.Open()
   場所 RISODPLibrary.Lib.Utils.ODPConnectionUtils.Connect(String connectionString) 場所 C:\taira_work\RIS\Library\RISODPLibrary\Lib\Utils\ODPConnectionUtils.cs:行 20
   場所 ARISSend.Model.ServiceLooper.ExcecuteOne() 場所 C:\taira_work\RIS\Project\ReportKidokuInterface\ARISSendReceipt\Model\ServiceLooper.cs:行 123
ERROR 2019-07-23 16:28:48.352 [1] ARISSend.Model.ServiceLooper ExcecuteOne - 致命的なエラーが発生しました。
ERROR 2019-07-23 16:28:48.380 [1] ARISSend.Model.ServiceLooper ExcecuteOne - Oracle.DataAccess.Client.OracleException ORA-01034: Oracleは使用できません。    場所 Oracle.DataAccess.Client.OracleException.HandleErrorHelper(Int32 errCode, OracleConnection conn, IntPtr opsErrCtx, OpoSqlValCtx* pOpoSqlValCtx, Object src, String procedure, Boolean bCheck, Int32 isRecoverable)
   場所 Oracle.DataAccess.Client.OracleException.HandleError(Int32 errCode, Object src, Int32 isRecoverable)
   場所 Oracle.DataAccess.Client.OracleConnection.Open()
   場所 RISODPLibrary.Lib.Utils.ODPConnectionUtils.Connect(String connectionString) 場所 C:\taira_work\RIS\Library\RISODPLibrary\Lib\Utils\ODPConnectionUtils.cs:行 20
   場所 ARISSend.Model.ServiceLooper.ExcecuteOne() 場所 C:\taira_work\RIS\Project\ReportKidokuInterface\ARISSendReceipt\Model\ServiceLooper.cs:行 123
DEBUG 2019-07-23 16:30:25.903 [1] ARISSend.Model.ReportDokueiInfoHelper WriteDbCommandLogForLog4net - SELECT RI.ID, RI.REVISION FROM REPORTINFO RI LEFT JOIN REPORTDOKUEIINFO RD ON  RI.ID = RD.ID WHERE RI.CHECKFLG = '1' AND RD.ID IS NULL
DEBUG 2019-07-23 16:30:35.170 [1] ARISSend.Model.ReportDokueiInfoHelper WriteDbCommandLogForLog4net - SELECT RI.ID, RI.REVISION FROM REPORTINFO RI LEFT JOIN REPORTDOKUEIINFO RD ON  RI.ID = RD.ID WHERE RI.CHECKFLG = '1' AND RD.ID IS NULL
DEBUG 2019-07-23 16:31:07.859 [1] ARISSend.Model.ReportDokueiInfoHelper WriteDbCommandLogForLog4net - SELECT RI.ID, RI.REVISION FROM REPORTINFO RI LEFT JOIN REPORTDOKUEIINFO RD ON  RI.ID = RD.ID WHERE RI.CHECKFLG = '1' AND RD.ID IS NULL
DEBUG 2019-07-23 16:31:07.868 [1] ARISSend.Model.ReportDokueiInfoHelper WriteDataReaderLogForLog4net - リーダオブジェクトをログ出力します
DEBUG 2019-07-23 16:31:07.887 [1] ARISSend.Model.ReportDokueiInfoHelper WriteDataReaderLogForLog4net - Index:0, Name:ID, FieldType:System.String, IsDBNull:False, Value:000000000000000001
DEBUG 2019-07-23 16:31:07.897 [1] ARISSend.Model.ReportDokueiInfoHelper WriteDataReaderLogForLog4net - Index:1, Name:REVISION, FieldType:System.Int16, IsDBNull:False, Value:0
INFO  2019-07-23 16:31:07.910 [1] ARISSend.Model.ReportDokueiInfoSender Send - IF処理開始します。RequestID=000000000000000001
DEBUG 2019-07-23 16:31:07.917 [1] ARISSend.Model.ReportDokueiInfoSender Send - 古いログファイルを削除します
DEBUG 2019-07-23 16:31:07.935 [1] ARISSend.Model.ReportDokueiInfoSender Send - 電文作成者を作成します
INFO  2019-07-23 16:31:07.941 [1] ARISSend.Model.ReportDokueiInfoSender Send - 電文を作成します。種別=000000000000000001
INFO  2019-07-23 16:31:09.834 [1] ARISSend.Model.MessageCreator.BaseMsgCreator CreateMsg - 既読情報を取得します
DEBUG 2019-07-23 16:31:09.850 [1] ARISSend.Model.MessageCreator.BaseMsgCreator WriteDbCommandLogForLog4net - SELECT EI.ODRID odrid, EI.PATID patid, TO_CHAR(RI.CHECKDATE, 'YYYYMMDD') checkdate_yyyymmdd, TO_CHAR(RI.CHECKDATE, 'HH24MI') checkdate_hh24mi, UM.USERID userid FROM EXAMINFO EI JOIN REPORTINFO RI ON  EI.RPTID = RI.ID JOIN USERMANAGE UM ON  RI.CHECKDOCTOR = UM.USERID WHERE EI.RPTID = :rptid 
DEBUG 2019-07-23 16:31:09.857 [1] ARISSend.Model.MessageCreator.BaseMsgCreator WriteDbCommandLogForLog4net - Index:0,Direction:Input,IsNullable:False,Name:rptid,Type:String,Value:000000000000000001
DEBUG 2019-07-23 16:31:09.874 [1] ARISSend.Model.MessageCreator.BaseMsgCreator WriteDataReaderLogForLog4net - リーダオブジェクトをログ出力します
DEBUG 2019-07-23 16:31:09.882 [1] ARISSend.Model.MessageCreator.BaseMsgCreator WriteDataReaderLogForLog4net - Index:0, Name:ODRID, FieldType:System.String, IsDBNull:False, Value:2
DEBUG 2019-07-23 16:31:09.888 [1] ARISSend.Model.MessageCreator.BaseMsgCreator WriteDataReaderLogForLog4net - Index:1, Name:PATID, FieldType:System.String, IsDBNull:False, Value:00REP00001
DEBUG 2019-07-23 16:31:09.896 [1] ARISSend.Model.MessageCreator.BaseMsgCreator WriteDataReaderLogForLog4net - Index:2, Name:CHECKDATE_YYYYMMDD, FieldType:System.String, IsDBNull:False, Value:20190719
DEBUG 2019-07-23 16:31:09.902 [1] ARISSend.Model.MessageCreator.BaseMsgCreator WriteDataReaderLogForLog4net - Index:3, Name:CHECKDATE_HH24MI, FieldType:System.String, IsDBNull:False, Value:0000
DEBUG 2019-07-23 16:31:09.911 [1] ARISSend.Model.MessageCreator.BaseMsgCreator WriteDataReaderLogForLog4net - Index:4, Name:USERID, FieldType:System.String, IsDBNull:False, Value:YOKOGAWA
INFO  2019-07-23 16:31:13.960 [1] ARISSend.Model.ReportDokueiInfoSender Send - 送信処理を行います
INFO  2019-07-23 16:31:14.238 [1] ARISSend.Model.MessageCreator.BaseMsgCreator ConnectTcp - 既読:接続します
DEBUG 2019-07-23 16:31:14.247 [1] ARISSend.Model.ReportDokueiInfoTcpClient ConnectTcp - ソケット接続します。Host=192.168.100.50, Port=16030, ConnectionTimeout=10000, SendTimeout=30000, ReceiveTimeout=30000
DEBUG 2019-07-23 16:31:14.257 [1] RISCommonLibrary.Lib.Compornent.SimpleTcpClient Connect - Connectします
DEBUG 2019-07-23 16:31:14.270 [1] RISCommonLibrary.Lib.Compornent.SimpleTcpClient Connect - Connectしました
DEBUG 2019-07-23 16:31:14.282 [1] ARISSend.Model.MessageCreator.BaseMsgCreator RequestOpen - 既読:回線接続要求を送信します
DEBUG 2019-07-23 16:31:14.578 [1] ARISSend.Model.ReportDokueiInfoTcpClient SendRecv - ソケット送信します
INFO  2019-07-23 16:31:14.590 [1] ARISSend.Model.ReportDokueiInfoTcpClient SendRecv - ソケット送信電文ログファイル名=20190723163114587_10_SEND.log
INFO  2019-07-23 16:31:14.608 [1] RISCommonLibrary.Lib.Compornent.SimpleTcpClient Send - Sendします
INFO  2019-07-23 16:31:14.618 [1] RISCommonLibrary.Lib.Compornent.SimpleTcpClient Send - Sendしました
DEBUG 2019-07-23 16:31:14.627 [1] ARISSend.Model.ReportDokueiInfoTcpClient SendRecv - ソケット受信します
INFO  2019-07-23 16:31:14.638 [1] RISCommonLibrary.Lib.Compornent.SimpleTcpClient Read - Readします
DEBUG 2019-07-23 16:31:14.650 [1] RISCommonLibrary.Lib.Compornent.SimpleTcpClient Read - ReadStart
DEBUG 2019-07-23 16:31:14.663 [1] RISCommonLibrary.Lib.Compornent.SimpleTcpClient Read - ReadEnd=52バイト
INFO  2019-07-23 16:31:14.706 [1] RISCommonLibrary.Lib.Compornent.SimpleTcpClient Read - Readしました
INFO  2019-07-23 16:31:14.900 [1] ARISSend.Model.ReportDokueiInfoTcpClient SendRecv - ソケット受信電文ログファイル名=20190723163114587_41_RECV.log
DEBUG 2019-07-23 16:31:15.171 [1] ARISSend.Model.ReportDokueiInfoSender CheckResponseWithRetry - 電文受信結果=41
DEBUG 2019-07-23 16:31:15.539 [1] ARISSend.Model.ReportDokueiInfoTcpClient SendRecv - ソケット送信します
INFO  2019-07-23 16:31:15.548 [1] ARISSend.Model.ReportDokueiInfoTcpClient SendRecv - ソケット送信電文ログファイル名=20190723163115548_06_SEND.log
INFO  2019-07-23 16:31:15.560 [1] RISCommonLibrary.Lib.Compornent.SimpleTcpClient Send - Sendします
INFO  2019-07-23 16:31:15.567 [1] RISCommonLibrary.Lib.Compornent.SimpleTcpClient Send - Sendしました
DEBUG 2019-07-23 16:31:15.576 [1] ARISSend.Model.ReportDokueiInfoTcpClient SendRecv - ソケット受信します
INFO  2019-07-23 16:31:15.584 [1] RISCommonLibrary.Lib.Compornent.SimpleTcpClient Read - Readします
DEBUG 2019-07-23 16:31:15.592 [1] RISCommonLibrary.Lib.Compornent.SimpleTcpClient Read - ReadStart
DEBUG 2019-07-23 16:31:15.601 [1] RISCommonLibrary.Lib.Compornent.SimpleTcpClient Read - ReadEnd=52バイト
INFO  2019-07-23 16:31:15.609 [1] RISCommonLibrary.Lib.Compornent.SimpleTcpClient Read - Readしました
INFO  2019-07-23 16:31:15.769 [1] ARISSend.Model.ReportDokueiInfoTcpClient SendRecv - ソケット受信電文ログファイル名=20190723163115548_41_RECV.log
DEBUG 2019-07-23 16:31:16.012 [1] ARISSend.Model.ReportDokueiInfoSender CheckResponseWithRetry - 電文受信結果=41
INFO  2019-07-23 16:31:16.031 [1] ARISSend.Model.ReportDokueiInfoSender Send - データベース更新処理を行います
DEBUG 2019-07-23 16:31:16.223 [1] ARISSend.Model.ReportDokueiInfoSender UpdateDBNormal - UpdateDB開始します
DEBUG 2019-07-23 16:31:16.665 [1] ARISSend.Model.ReportDokueiInfoHelper WriteDbCommandLogForLog4net - insert into reportdokueiinfo( ID, REVISION, TRANSFERDATE, TRANSFERTEXT ) values(:id, :revision, SYSDATE, :transfertext ) 
DEBUG 2019-07-23 16:31:16.674 [1] ARISSend.Model.ReportDokueiInfoHelper WriteDbCommandLogForLog4net - Index:0,Direction:Input,IsNullable:False,Name:id,Type:String,Value:000000000000000001
DEBUG 2019-07-23 16:31:16.681 [1] ARISSend.Model.ReportDokueiInfoHelper WriteDbCommandLogForLog4net - Index:1,Direction:Input,IsNullable:False,Name:revision,Type:String,Value:0
DEBUG 2019-07-23 16:31:16.689 [1] ARISSend.Model.ReportDokueiInfoHelper WriteDbCommandLogForLog4net - Index:2,Direction:Input,IsNullable:False,Name:transfertext,Type:String,Value:00
DEBUG 2019-07-23 16:31:16.701 [1] ARISSend.Model.ReportDokueiInfoHelper UpdateToDB - REPORTDOKUEIINFOテーブルを更新します
DEBUG 2019-07-23 16:31:16.720 [1] ARISSend.Model.ReportDokueiInfoHelper UpdateToDB - REPORTDOKUEIINFOテーブルを更新しました
DEBUG 2019-07-23 16:31:16.727 [1] ARISSend.Model.ReportDokueiInfoSender UpdateDBNormal - UpdateDB終了しました
INFO  2019-07-23 16:31:16.745 [1] ARISSend.Model.ReportDokueiInfoSender Send - IF処理終了します。RequestID=000000000000000001
DEBUG 2019-07-23 16:33:06.657 [1] ARISSend.Model.ReportDokueiInfoHelper WriteDbCommandLogForLog4net - SELECT RI.ID, RI.REVISION FROM REPORTINFO RI LEFT JOIN REPORTDOKUEIINFO RD ON  RI.ID = RD.ID WHERE RI.CHECKFLG = '1' AND RD.ID IS NULL
DEBUG 2019-07-23 16:33:06.737 [1] ARISSend.Model.ReportDokueiInfoHelper WriteDataReaderLogForLog4net - リーダオブジェクトをログ出力します
DEBUG 2019-07-23 16:33:06.755 [1] ARISSend.Model.ReportDokueiInfoHelper WriteDataReaderLogForLog4net - Index:0, Name:ID, FieldType:System.String, IsDBNull:False, Value:000000000000000006
DEBUG 2019-07-23 16:33:06.767 [1] ARISSend.Model.ReportDokueiInfoHelper WriteDataReaderLogForLog4net - Index:1, Name:REVISION, FieldType:System.Int16, IsDBNull:False, Value:-1
INFO  2019-07-23 16:33:06.785 [1] ARISSend.Model.ReportDokueiInfoSender Send - IF処理開始します。RequestID=000000000000000006
DEBUG 2019-07-23 16:33:06.794 [1] ARISSend.Model.ReportDokueiInfoSender Send - 古いログファイルを削除します
DEBUG 2019-07-23 16:33:06.817 [1] ARISSend.Model.ReportDokueiInfoSender Send - 電文作成者を作成します
INFO  2019-07-23 16:33:06.823 [1] ARISSend.Model.ReportDokueiInfoSender Send - 電文を作成します。種別=000000000000000006
INFO  2019-07-23 16:33:08.723 [1] ARISSend.Model.MessageCreator.BaseMsgCreator CreateMsg - 既読情報を取得します
DEBUG 2019-07-23 16:33:08.742 [1] ARISSend.Model.MessageCreator.BaseMsgCreator WriteDbCommandLogForLog4net - SELECT EI.ODRID odrid, EI.PATID patid, TO_CHAR(RI.CHECKDATE, 'YYYYMMDD') checkdate_yyyymmdd, TO_CHAR(RI.CHECKDATE, 'HH24MI') checkdate_hh24mi, UM.USERID userid FROM EXAMINFO EI JOIN REPORTINFO RI ON  EI.RPTID = RI.ID JOIN USERMANAGE UM ON  RI.CHECKDOCTOR = UM.USERID WHERE EI.RPTID = :rptid 
DEBUG 2019-07-23 16:33:08.751 [1] ARISSend.Model.MessageCreator.BaseMsgCreator WriteDbCommandLogForLog4net - Index:0,Direction:Input,IsNullable:False,Name:rptid,Type:String,Value:000000000000000006
DEBUG 2019-07-23 16:33:08.782 [1] ARISSend.Model.MessageCreator.BaseMsgCreator WriteDataReaderLogForLog4net - リーダオブジェクトをログ出力します
DEBUG 2019-07-23 16:33:08.789 [1] ARISSend.Model.MessageCreator.BaseMsgCreator WriteDataReaderLogForLog4net - Index:0, Name:ODRID, FieldType:System.String, IsDBNull:True, Value:
DEBUG 2019-07-23 16:33:08.795 [1] ARISSend.Model.MessageCreator.BaseMsgCreator WriteDataReaderLogForLog4net - Index:1, Name:PATID, FieldType:System.String, IsDBNull:False, Value:0000000001
DEBUG 2019-07-23 16:33:08.801 [1] ARISSend.Model.MessageCreator.BaseMsgCreator WriteDataReaderLogForLog4net - Index:2, Name:CHECKDATE_YYYYMMDD, FieldType:System.String, IsDBNull:True, Value:
DEBUG 2019-07-23 16:33:08.808 [1] ARISSend.Model.MessageCreator.BaseMsgCreator WriteDataReaderLogForLog4net - Index:3, Name:CHECKDATE_HH24MI, FieldType:System.String, IsDBNull:True, Value:
DEBUG 2019-07-23 16:33:08.814 [1] ARISSend.Model.MessageCreator.BaseMsgCreator WriteDataReaderLogForLog4net - Index:4, Name:USERID, FieldType:System.String, IsDBNull:False, Value:YOKOGAWA
INFO  2019-07-23 16:33:10.887 [1] ARISSend.Model.ReportDokueiInfoSender Send - 送信処理を行います
INFO  2019-07-23 16:33:11.547 [1] ARISSend.Model.MessageCreator.BaseMsgCreator ConnectTcp - 既読:接続します
DEBUG 2019-07-23 16:33:11.558 [1] ARISSend.Model.ReportDokueiInfoTcpClient ConnectTcp - ソケット接続します。Host=192.168.100.50, Port=16030, ConnectionTimeout=10000, SendTimeout=30000, ReceiveTimeout=30000
DEBUG 2019-07-23 16:33:11.565 [1] RISCommonLibrary.Lib.Compornent.SimpleTcpClient Connect - Connectします
DEBUG 2019-07-23 16:33:11.579 [1] RISCommonLibrary.Lib.Compornent.SimpleTcpClient Connect - Connectしました
DEBUG 2019-07-23 16:33:11.591 [1] ARISSend.Model.MessageCreator.BaseMsgCreator RequestOpen - 既読:回線接続要求を送信します
DEBUG 2019-07-23 16:33:12.354 [1] ARISSend.Model.ReportDokueiInfoTcpClient SendRecv - ソケット送信します
INFO  2019-07-23 16:33:12.365 [1] ARISSend.Model.ReportDokueiInfoTcpClient SendRecv - ソケット送信電文ログファイル名=20190723163312362_10_SEND.log
INFO  2019-07-23 16:33:12.382 [1] RISCommonLibrary.Lib.Compornent.SimpleTcpClient Send - Sendします
INFO  2019-07-23 16:33:12.396 [1] RISCommonLibrary.Lib.Compornent.SimpleTcpClient Send - Sendしました
DEBUG 2019-07-23 16:33:12.408 [1] ARISSend.Model.ReportDokueiInfoTcpClient SendRecv - ソケット受信します
INFO  2019-07-23 16:33:12.422 [1] RISCommonLibrary.Lib.Compornent.SimpleTcpClient Read - Readします
DEBUG 2019-07-23 16:33:12.431 [1] RISCommonLibrary.Lib.Compornent.SimpleTcpClient Read - ReadStart
DEBUG 2019-07-23 16:33:12.445 [1] RISCommonLibrary.Lib.Compornent.SimpleTcpClient Read - ReadEnd=52バイト
INFO  2019-07-23 16:33:12.456 [1] RISCommonLibrary.Lib.Compornent.SimpleTcpClient Read - Readしました
INFO  2019-07-23 16:33:12.713 [1] ARISSend.Model.ReportDokueiInfoTcpClient SendRecv - ソケット受信電文ログファイル名=20190723163312362_41_RECV.log
DEBUG 2019-07-23 16:33:13.047 [1] ARISSend.Model.ReportDokueiInfoSender CheckResponseWithRetry - 電文受信結果=41
DEBUG 2019-07-23 16:33:13.472 [1] ARISSend.Model.ReportDokueiInfoTcpClient SendRecv - ソケット送信します
INFO  2019-07-23 16:33:13.491 [1] ARISSend.Model.ReportDokueiInfoTcpClient SendRecv - ソケット送信電文ログファイル名=20190723163313491_06_SEND.log
INFO  2019-07-23 16:33:13.521 [1] RISCommonLibrary.Lib.Compornent.SimpleTcpClient Send - Sendします
INFO  2019-07-23 16:33:13.537 [1] RISCommonLibrary.Lib.Compornent.SimpleTcpClient Send - Sendしました
DEBUG 2019-07-23 16:33:13.545 [1] ARISSend.Model.ReportDokueiInfoTcpClient SendRecv - ソケット受信します
INFO  2019-07-23 16:33:13.572 [1] RISCommonLibrary.Lib.Compornent.SimpleTcpClient Read - Readします
DEBUG 2019-07-23 16:33:13.594 [1] RISCommonLibrary.Lib.Compornent.SimpleTcpClient Read - ReadStart
DEBUG 2019-07-23 16:33:13.607 [1] RISCommonLibrary.Lib.Compornent.SimpleTcpClient Read - ReadEnd=52バイト
INFO  2019-07-23 16:33:13.620 [1] RISCommonLibrary.Lib.Compornent.SimpleTcpClient Read - Readしました
INFO  2019-07-23 16:33:13.707 [1] ARISSend.Model.ReportDokueiInfoTcpClient SendRecv - ソケット受信電文ログファイル名=20190723163313491_41_RECV.log
DEBUG 2019-07-23 16:33:13.993 [1] ARISSend.Model.ReportDokueiInfoSender CheckResponseWithRetry - 電文受信結果=41
INFO  2019-07-23 16:33:14.008 [1] ARISSend.Model.ReportDokueiInfoSender Send - データベース更新処理を行います
DEBUG 2019-07-23 16:33:14.303 [1] ARISSend.Model.ReportDokueiInfoSender UpdateDBNormal - UpdateDB開始します
DEBUG 2019-07-23 16:33:14.707 [1] ARISSend.Model.ReportDokueiInfoHelper WriteDbCommandLogForLog4net - insert into reportdokueiinfo( ID, REVISION, TRANSFERDATE, TRANSFERTEXT ) values(:id, :revision, SYSDATE, :transfertext ) 
DEBUG 2019-07-23 16:33:14.714 [1] ARISSend.Model.ReportDokueiInfoHelper WriteDbCommandLogForLog4net - Index:0,Direction:Input,IsNullable:False,Name:id,Type:String,Value:000000000000000006
DEBUG 2019-07-23 16:33:14.720 [1] ARISSend.Model.ReportDokueiInfoHelper WriteDbCommandLogForLog4net - Index:1,Direction:Input,IsNullable:False,Name:revision,Type:String,Value:-1
DEBUG 2019-07-23 16:33:14.726 [1] ARISSend.Model.ReportDokueiInfoHelper WriteDbCommandLogForLog4net - Index:2,Direction:Input,IsNullable:False,Name:transfertext,Type:String,Value:00
DEBUG 2019-07-23 16:33:14.733 [1] ARISSend.Model.ReportDokueiInfoHelper UpdateToDB - REPORTDOKUEIINFOテーブルを更新します
DEBUG 2019-07-23 16:33:14.755 [1] ARISSend.Model.ReportDokueiInfoHelper UpdateToDB - REPORTDOKUEIINFOテーブルを更新しました
DEBUG 2019-07-23 16:33:14.773 [1] ARISSend.Model.ReportDokueiInfoSender UpdateDBNormal - UpdateDB終了しました
INFO  2019-07-23 16:33:14.781 [1] ARISSend.Model.ReportDokueiInfoSender Send - IF処理終了します。RequestID=000000000000000006
INFO  2019-07-23 16:38:10.059 [1] ARISSend.ARISSendForm receiptConnectTcpCheckBox_CheckedChanged - 既読ソケット接続を開始します
INFO  2019-07-23 16:38:11.133 [1] ARISSend.Model.MessageCreator.BaseMsgCreator ConnectTcp - 既読:接続します
DEBUG 2019-07-23 16:38:11.200 [1] ARISSend.Model.ReportDokueiInfoTcpClient ConnectTcp - ソケット接続します。Host=192.168.100.50, Port=16030, ConnectionTimeout=10000, SendTimeout=30000, ReceiveTimeout=30000
DEBUG 2019-07-23 16:38:11.210 [1] RISCommonLibrary.Lib.Compornent.SimpleTcpClient Connect - Connectします
DEBUG 2019-07-23 16:38:11.226 [1] RISCommonLibrary.Lib.Compornent.SimpleTcpClient Connect - Connectしました
INFO  2019-07-23 16:38:12.588 [1] ARISSend.ARISSendForm receiptConnectTcpCheckBox_CheckedChanged - 既読ソケット接続を開始しました
DEBUG 2019-07-23 16:38:16.607 [1] ARISSend.Model.ReportDokueiInfoHelper WriteDbCommandLogForLog4net - SELECT RI.ID, RI.REVISION FROM REPORTINFO RI LEFT JOIN REPORTDOKUEIINFO RD ON  RI.ID = RD.ID WHERE RI.CHECKFLG = '1' AND RD.ID IS NULL
DEBUG 2019-07-23 16:38:16.664 [1] ARISSend.Model.ReportDokueiInfoHelper WriteDataReaderLogForLog4net - リーダオブジェクトをログ出力します
DEBUG 2019-07-23 16:38:16.688 [1] ARISSend.Model.ReportDokueiInfoHelper WriteDataReaderLogForLog4net - Index:0, Name:ID, FieldType:System.String, IsDBNull:False, Value:000000000000000007
DEBUG 2019-07-23 16:38:16.695 [1] ARISSend.Model.ReportDokueiInfoHelper WriteDataReaderLogForLog4net - Index:1, Name:REVISION, FieldType:System.Int16, IsDBNull:False, Value:3
INFO  2019-07-23 16:38:16.709 [1] ARISSend.Model.ReportDokueiInfoSender Send - IF処理開始します。RequestID=000000000000000007
DEBUG 2019-07-23 16:38:16.714 [1] ARISSend.Model.ReportDokueiInfoSender Send - 古いログファイルを削除します
DEBUG 2019-07-23 16:38:16.734 [1] ARISSend.Model.ReportDokueiInfoSender Send - 電文作成者を作成します
INFO  2019-07-23 16:38:16.740 [1] ARISSend.Model.ReportDokueiInfoSender Send - 電文を作成します。種別=000000000000000007
INFO  2019-07-23 16:38:17.596 [1] ARISSend.Model.MessageCreator.BaseMsgCreator CreateMsg - 既読情報を取得します
DEBUG 2019-07-23 16:38:17.611 [1] ARISSend.Model.MessageCreator.BaseMsgCreator WriteDbCommandLogForLog4net - SELECT EI.ODRID odrid, EI.PATID patid, TO_CHAR(RI.CHECKDATE, 'YYYYMMDD') checkdate_yyyymmdd, TO_CHAR(RI.CHECKDATE, 'HH24MI') checkdate_hh24mi, UM.USERID userid FROM EXAMINFO EI JOIN REPORTINFO RI ON  EI.RPTID = RI.ID JOIN USERMANAGE UM ON  RI.CHECKDOCTOR = UM.USERID WHERE EI.RPTID = :rptid 
DEBUG 2019-07-23 16:38:17.618 [1] ARISSend.Model.MessageCreator.BaseMsgCreator WriteDbCommandLogForLog4net - Index:0,Direction:Input,IsNullable:False,Name:rptid,Type:String,Value:000000000000000007
DEBUG 2019-07-23 16:38:17.638 [1] ARISSend.Model.MessageCreator.BaseMsgCreator WriteDataReaderLogForLog4net - リーダオブジェクトをログ出力します
DEBUG 2019-07-23 16:38:17.645 [1] ARISSend.Model.MessageCreator.BaseMsgCreator WriteDataReaderLogForLog4net - Index:0, Name:ODRID, FieldType:System.String, IsDBNull:True, Value:
DEBUG 2019-07-23 16:38:17.659 [1] ARISSend.Model.MessageCreator.BaseMsgCreator WriteDataReaderLogForLog4net - Index:1, Name:PATID, FieldType:System.String, IsDBNull:False, Value:0000000001
DEBUG 2019-07-23 16:38:17.669 [1] ARISSend.Model.MessageCreator.BaseMsgCreator WriteDataReaderLogForLog4net - Index:2, Name:CHECKDATE_YYYYMMDD, FieldType:System.String, IsDBNull:True, Value:
DEBUG 2019-07-23 16:38:17.676 [1] ARISSend.Model.MessageCreator.BaseMsgCreator WriteDataReaderLogForLog4net - Index:3, Name:CHECKDATE_HH24MI, FieldType:System.String, IsDBNull:True, Value:
DEBUG 2019-07-23 16:38:17.681 [1] ARISSend.Model.MessageCreator.BaseMsgCreator WriteDataReaderLogForLog4net - Index:4, Name:USERID, FieldType:System.String, IsDBNull:False, Value:YOKOGAWA
INFO  2019-07-23 16:38:19.451 [1] ARISSend.Model.ReportDokueiInfoSender Send - 送信処理を行います
DEBUG 2019-07-23 16:38:20.674 [1] ARISSend.Model.ReportDokueiInfoTcpClient SendRecv - ソケット送信します
INFO  2019-07-23 16:38:20.684 [1] ARISSend.Model.ReportDokueiInfoTcpClient SendRecv - ソケット送信電文ログファイル名=20190723163820682_06_SEND.log
INFO  2019-07-23 16:38:20.695 [1] RISCommonLibrary.Lib.Compornent.SimpleTcpClient Send - Sendします
INFO  2019-07-23 16:38:20.702 [1] RISCommonLibrary.Lib.Compornent.SimpleTcpClient Send - Sendしました
DEBUG 2019-07-23 16:38:20.708 [1] ARISSend.Model.ReportDokueiInfoTcpClient SendRecv - ソケット受信します
INFO  2019-07-23 16:38:20.718 [1] RISCommonLibrary.Lib.Compornent.SimpleTcpClient Read - Readします
DEBUG 2019-07-23 16:38:20.725 [1] RISCommonLibrary.Lib.Compornent.SimpleTcpClient Read - ReadStart
DEBUG 2019-07-23 16:38:20.734 [1] RISCommonLibrary.Lib.Compornent.SimpleTcpClient Read - ReadEnd=52バイト
INFO  2019-07-23 16:38:20.742 [1] RISCommonLibrary.Lib.Compornent.SimpleTcpClient Read - Readしました
INFO  2019-07-23 16:38:21.267 [1] ARISSend.Model.ReportDokueiInfoTcpClient SendRecv - ソケット受信電文ログファイル名=20190723163820682_41_RECV.log
DEBUG 2019-07-23 16:38:21.777 [1] ARISSend.Model.ReportDokueiInfoSender CheckResponseWithRetry - 電文受信結果=41
INFO  2019-07-23 16:38:21.785 [1] ARISSend.Model.ReportDokueiInfoSender Send - データベース更新処理を行います
DEBUG 2019-07-23 16:38:22.333 [1] ARISSend.Model.ReportDokueiInfoSender UpdateDBNormal - UpdateDB開始します
DEBUG 2019-07-23 16:38:23.670 [1] ARISSend.Model.ReportDokueiInfoHelper WriteDbCommandLogForLog4net - insert into reportdokueiinfo( ID, REVISION, TRANSFERDATE, TRANSFERTEXT ) values(:id, :revision, SYSDATE, :transfertext ) 
DEBUG 2019-07-23 16:38:23.677 [1] ARISSend.Model.ReportDokueiInfoHelper WriteDbCommandLogForLog4net - Index:0,Direction:Input,IsNullable:False,Name:id,Type:String,Value:000000000000000007
DEBUG 2019-07-23 16:38:23.684 [1] ARISSend.Model.ReportDokueiInfoHelper WriteDbCommandLogForLog4net - Index:1,Direction:Input,IsNullable:False,Name:revision,Type:String,Value:3
DEBUG 2019-07-23 16:38:23.690 [1] ARISSend.Model.ReportDokueiInfoHelper WriteDbCommandLogForLog4net - Index:2,Direction:Input,IsNullable:False,Name:transfertext,Type:String,Value:00
DEBUG 2019-07-23 16:38:23.696 [1] ARISSend.Model.ReportDokueiInfoHelper UpdateToDB - REPORTDOKUEIINFOテーブルを更新します
DEBUG 2019-07-23 16:38:23.711 [1] ARISSend.Model.ReportDokueiInfoHelper UpdateToDB - REPORTDOKUEIINFOテーブルを更新しました
DEBUG 2019-07-23 16:38:23.717 [1] ARISSend.Model.ReportDokueiInfoSender UpdateDBNormal - UpdateDB終了しました
INFO  2019-07-23 16:38:23.722 [1] ARISSend.Model.ReportDokueiInfoSender Send - IF処理終了します。RequestID=000000000000000007
INFO  2019-07-23 16:50:01.308 [1] ARISSend.ARISSendForm receiptConnectTcpCheckBox_CheckedChanged - 既読ソケット接続を開始します
INFO  2019-07-23 16:50:03.442 [1] ARISSend.Model.MessageCreator.BaseMsgCreator ConnectTcp - 既読:接続します
DEBUG 2019-07-23 16:50:03.466 [1] ARISSend.Model.ReportDokueiInfoTcpClient ConnectTcp - ソケット接続します。Host=192.168.100.50, Port=16030, ConnectionTimeout=10000, SendTimeout=30000, ReceiveTimeout=30000
DEBUG 2019-07-23 16:50:03.479 [1] RISCommonLibrary.Lib.Compornent.SimpleTcpClient Connect - Connectします
DEBUG 2019-07-23 16:50:03.520 [1] RISCommonLibrary.Lib.Compornent.SimpleTcpClient Connect - Connectしました
INFO  2019-07-23 16:50:05.664 [1] ARISSend.ARISSendForm receiptConnectTcpCheckBox_CheckedChanged - 既読ソケット接続を開始しました
DEBUG 2019-07-23 16:50:23.046 [1] ARISSend.Model.ReportDokueiInfoHelper WriteDbCommandLogForLog4net - SELECT RI.ID, RI.REVISION FROM REPORTINFO RI LEFT JOIN REPORTDOKUEIINFO RD ON  RI.ID = RD.ID WHERE RI.CHECKFLG = '1' AND RD.ID IS NULL
DEBUG 2019-07-23 16:50:23.093 [1] ARISSend.Model.ReportDokueiInfoHelper WriteDataReaderLogForLog4net - リーダオブジェクトをログ出力します
DEBUG 2019-07-23 16:50:23.108 [1] ARISSend.Model.ReportDokueiInfoHelper WriteDataReaderLogForLog4net - Index:0, Name:ID, FieldType:System.String, IsDBNull:False, Value:000000000000000012
DEBUG 2019-07-23 16:50:23.115 [1] ARISSend.Model.ReportDokueiInfoHelper WriteDataReaderLogForLog4net - Index:1, Name:REVISION, FieldType:System.Int16, IsDBNull:False, Value:0
INFO  2019-07-23 16:50:23.128 [1] ARISSend.Model.ReportDokueiInfoSender Send - IF処理開始します。RequestID=000000000000000012
DEBUG 2019-07-23 16:50:23.133 [1] ARISSend.Model.ReportDokueiInfoSender Send - 古いログファイルを削除します
DEBUG 2019-07-23 16:50:23.344 [1] ARISSend.Model.ReportDokueiInfoSender Send - 電文作成者を作成します
INFO  2019-07-23 16:50:23.360 [1] ARISSend.Model.ReportDokueiInfoSender Send - 電文を作成します。種別=000000000000000012
INFO  2019-07-23 16:50:26.324 [1] ARISSend.Model.MessageCreator.BaseMsgCreator CreateMsg - 既読情報を取得します
DEBUG 2019-07-23 16:50:26.340 [1] ARISSend.Model.MessageCreator.BaseMsgCreator WriteDbCommandLogForLog4net - SELECT EI.ODRID odrid, EI.PATID patid, TO_CHAR(RI.CHECKDATE, 'YYYYMMDD') checkdate_yyyymmdd, TO_CHAR(RI.CHECKDATE, 'HH24MI') checkdate_hh24mi, UM.USERID userid FROM EXAMINFO EI JOIN REPORTINFO RI ON  EI.RPTID = RI.ID JOIN USERMANAGE UM ON  RI.CHECKDOCTOR = UM.USERID WHERE EI.RPTID = :rptid 
DEBUG 2019-07-23 16:50:26.346 [1] ARISSend.Model.MessageCreator.BaseMsgCreator WriteDbCommandLogForLog4net - Index:0,Direction:Input,IsNullable:False,Name:rptid,Type:String,Value:000000000000000012
DEBUG 2019-07-23 16:50:26.362 [1] ARISSend.Model.MessageCreator.BaseMsgCreator WriteDataReaderLogForLog4net - リーダオブジェクトをログ出力します
DEBUG 2019-07-23 16:50:26.372 [1] ARISSend.Model.MessageCreator.BaseMsgCreator WriteDataReaderLogForLog4net - Index:0, Name:ODRID, FieldType:System.String, IsDBNull:False, Value:5555555
DEBUG 2019-07-23 16:50:26.378 [1] ARISSend.Model.MessageCreator.BaseMsgCreator WriteDataReaderLogForLog4net - Index:1, Name:PATID, FieldType:System.String, IsDBNull:False, Value:0000000001
DEBUG 2019-07-23 16:50:26.386 [1] ARISSend.Model.MessageCreator.BaseMsgCreator WriteDataReaderLogForLog4net - Index:2, Name:CHECKDATE_YYYYMMDD, FieldType:System.String, IsDBNull:True, Value:
DEBUG 2019-07-23 16:50:26.394 [1] ARISSend.Model.MessageCreator.BaseMsgCreator WriteDataReaderLogForLog4net - Index:3, Name:CHECKDATE_HH24MI, FieldType:System.String, IsDBNull:True, Value:
DEBUG 2019-07-23 16:50:26.403 [1] ARISSend.Model.MessageCreator.BaseMsgCreator WriteDataReaderLogForLog4net - Index:4, Name:USERID, FieldType:System.String, IsDBNull:False, Value:YOKOGAWA
INFO  2019-07-23 16:50:27.555 [1] ARISSend.Model.ReportDokueiInfoSender Send - 送信処理を行います
DEBUG 2019-07-23 16:50:28.184 [1] ARISSend.Model.ReportDokueiInfoTcpClient SendRecv - ソケット送信します
INFO  2019-07-23 16:50:28.197 [1] ARISSend.Model.ReportDokueiInfoTcpClient SendRecv - ソケット送信電文ログファイル名=20190723165028193_06_SEND.log
INFO  2019-07-23 16:50:28.234 [1] RISCommonLibrary.Lib.Compornent.SimpleTcpClient Send - Sendします
INFO  2019-07-23 16:50:28.242 [1] RISCommonLibrary.Lib.Compornent.SimpleTcpClient Send - Sendしました
DEBUG 2019-07-23 16:50:28.251 [1] ARISSend.Model.ReportDokueiInfoTcpClient SendRecv - ソケット受信します
INFO  2019-07-23 16:50:28.264 [1] RISCommonLibrary.Lib.Compornent.SimpleTcpClient Read - Readします
DEBUG 2019-07-23 16:50:28.275 [1] RISCommonLibrary.Lib.Compornent.SimpleTcpClient Read - ReadStart
DEBUG 2019-07-23 16:50:28.285 [1] RISCommonLibrary.Lib.Compornent.SimpleTcpClient Read - ReadEnd=52バイト
INFO  2019-07-23 16:50:28.301 [1] RISCommonLibrary.Lib.Compornent.SimpleTcpClient Read - Readしました
INFO  2019-07-23 16:50:28.422 [1] ARISSend.Model.ReportDokueiInfoTcpClient SendRecv - ソケット受信電文ログファイル名=20190723165028193_41_RECV.log
DEBUG 2019-07-23 16:50:28.975 [1] ARISSend.Model.ReportDokueiInfoSender CheckResponseWithRetry - 電文受信結果=41
INFO  2019-07-23 16:50:28.988 [1] ARISSend.Model.ReportDokueiInfoSender Send - データベース更新処理を行います
DEBUG 2019-07-23 16:50:29.079 [1] ARISSend.Model.ReportDokueiInfoSender UpdateDBNormal - UpdateDB開始します
DEBUG 2019-07-23 16:50:29.605 [1] ARISSend.Model.ReportDokueiInfoHelper WriteDbCommandLogForLog4net - insert into reportdokueiinfo( ID, REVISION, TRANSFERDATE, TRANSFERTEXT ) values(:id, :revision, SYSDATE, :transfertext ) 
DEBUG 2019-07-23 16:50:29.619 [1] ARISSend.Model.ReportDokueiInfoHelper WriteDbCommandLogForLog4net - Index:0,Direction:Input,IsNullable:False,Name:id,Type:String,Value:000000000000000012
DEBUG 2019-07-23 16:50:29.626 [1] ARISSend.Model.ReportDokueiInfoHelper WriteDbCommandLogForLog4net - Index:1,Direction:Input,IsNullable:False,Name:revision,Type:String,Value:0
DEBUG 2019-07-23 16:50:29.634 [1] ARISSend.Model.ReportDokueiInfoHelper WriteDbCommandLogForLog4net - Index:2,Direction:Input,IsNullable:False,Name:transfertext,Type:String,Value:00
DEBUG 2019-07-23 16:50:29.641 [1] ARISSend.Model.ReportDokueiInfoHelper UpdateToDB - REPORTDOKUEIINFOテーブルを更新します
DEBUG 2019-07-23 16:50:29.675 [1] ARISSend.Model.ReportDokueiInfoHelper UpdateToDB - REPORTDOKUEIINFOテーブルを更新しました
DEBUG 2019-07-23 16:50:29.687 [1] ARISSend.Model.ReportDokueiInfoSender UpdateDBNormal - UpdateDB終了しました
INFO  2019-07-23 16:50:29.695 [1] ARISSend.Model.ReportDokueiInfoSender Send - IF処理終了します。RequestID=000000000000000012
DEBUG 2019-07-23 16:50:44.451 [1] ARISSend.Model.MessageCreator.BaseMsgCreator RequestClose - 既読:回線切断要求を送信します
DEBUG 2019-07-23 16:50:49.933 [1] ARISSend.Model.ReportDokueiInfoTcpClient SendRecv - ソケット送信します
INFO  2019-07-23 16:50:49.940 [1] ARISSend.Model.ReportDokueiInfoTcpClient SendRecv - ソケット送信電文ログファイル名=20190723165049940_09_SEND.log
INFO  2019-07-23 16:50:49.950 [1] RISCommonLibrary.Lib.Compornent.SimpleTcpClient Send - Sendします
INFO  2019-07-23 16:50:49.956 [1] RISCommonLibrary.Lib.Compornent.SimpleTcpClient Send - Sendしました
DEBUG 2019-07-23 16:50:49.963 [1] ARISSend.Model.ReportDokueiInfoTcpClient SendRecv - ソケット受信します
INFO  2019-07-23 16:50:49.969 [1] RISCommonLibrary.Lib.Compornent.SimpleTcpClient Read - Readします
DEBUG 2019-07-23 16:50:49.976 [1] RISCommonLibrary.Lib.Compornent.SimpleTcpClient Read - ReadStart
DEBUG 2019-07-23 16:50:49.982 [1] RISCommonLibrary.Lib.Compornent.SimpleTcpClient Read - ReadEnd=52バイト
INFO  2019-07-23 16:50:49.988 [1] RISCommonLibrary.Lib.Compornent.SimpleTcpClient Read - Readしました
INFO  2019-07-23 16:50:51.668 [1] ARISSend.Model.ReportDokueiInfoTcpClient SendRecv - ソケット受信電文ログファイル名=20190723165049940_41_RECV.log
INFO  2019-07-23 16:50:51.679 [1] ARISSend.Model.MessageCreator.BaseMsgCreator DisConnectTcp - 既読:切断します
DEBUG 2019-07-23 16:50:51.686 [1] ARISSend.Model.ReportDokueiInfoTcpClient DisConnectTcp - DisConnectTcpします
DEBUG 2019-07-23 16:50:51.693 [1] ARISSend.Model.ReportDokueiInfoTcpClient DisConnectTcp - ソケット切断します
DEBUG 2019-07-23 16:50:51.699 [1] RISCommonLibrary.Lib.Compornent.SimpleTcpClient DisConnect - DisConnectします
DEBUG 2019-07-23 16:50:51.705 [1] RISCommonLibrary.Lib.Compornent.SimpleTcpClient CloseNetworkStream - CloseNetworkStreamします
DEBUG 2019-07-23 16:50:51.711 [1] RISCommonLibrary.Lib.Compornent.SimpleTcpClient CloseNetworkStream - CloseNetworkStreamしました
DEBUG 2019-07-23 16:50:51.719 [1] RISCommonLibrary.Lib.Compornent.SimpleTcpClient CloseTcpClient - CloseTcpClientします
DEBUG 2019-07-23 16:50:51.727 [1] RISCommonLibrary.Lib.Compornent.SimpleTcpClient CloseTcpClient - CloseTcpClientしました
DEBUG 2019-07-23 16:50:51.733 [1] RISCommonLibrary.Lib.Compornent.SimpleTcpClient DisConnect - DisConnectしました
DEBUG 2019-07-23 16:50:51.740 [1] ARISSend.Model.ReportDokueiInfoTcpClient DisConnectTcp - DisConnectTcpしました
INFO  2019-07-23 17:13:32.255 [1] ARISSend.ARISSendForm reportDokueiConnectTcpCheckBox_CheckedChanged - 既読ソケット接続を開始します
INFO  2019-07-23 17:13:34.690 [1] ARISSend.Model.MessageCreator.BaseMsgCreator ConnectTcp - 既読:接続します
DEBUG 2019-07-23 17:13:34.701 [1] ARISSend.Model.ReportDokueiInfoTcpClient ConnectTcp - ソケット接続します。Host=192.168.100.50, Port=16030, ConnectionTimeout=10000, SendTimeout=30000, ReceiveTimeout=30000
DEBUG 2019-07-23 17:13:34.708 [1] RISCommonLibrary.Lib.Compornent.SimpleTcpClient Connect - Connectします
DEBUG 2019-07-23 17:13:34.726 [1] RISCommonLibrary.Lib.Compornent.SimpleTcpClient Connect - Connectしました
INFO  2019-07-23 17:13:34.740 [1] ARISSend.ARISSendForm reportDokueiConnectTcpCheckBox_CheckedChanged - 既読ソケット接続を開始しました
DEBUG 2019-07-23 17:13:38.434 [1] ARISSend.Model.ReportDokueiInfoHelper WriteDbCommandLogForLog4net - SELECT RI.ID, RI.REVISION FROM REPORTINFO RI LEFT JOIN REPORTDOKUEIINFO RD ON  RI.ID = RD.ID WHERE RI.CHECKFLG = '1' AND RD.ID IS NULL
DEBUG 2019-07-23 17:13:38.487 [1] ARISSend.Model.ReportDokueiInfoHelper WriteDataReaderLogForLog4net - リーダオブジェクトをログ出力します
DEBUG 2019-07-23 17:13:38.504 [1] ARISSend.Model.ReportDokueiInfoHelper WriteDataReaderLogForLog4net - Index:0, Name:ID, FieldType:System.String, IsDBNull:False, Value:000000000000000013
DEBUG 2019-07-23 17:13:38.513 [1] ARISSend.Model.ReportDokueiInfoHelper WriteDataReaderLogForLog4net - Index:1, Name:REVISION, FieldType:System.Int16, IsDBNull:False, Value:-1
INFO  2019-07-23 17:13:38.532 [1] ARISSend.Model.ReportDokueiInfoSender Send - IF処理開始します。RequestID=000000000000000013
DEBUG 2019-07-23 17:13:38.537 [1] ARISSend.Model.ReportDokueiInfoSender Send - 古いログファイルを削除します
DEBUG 2019-07-23 17:13:38.557 [1] ARISSend.Model.ReportDokueiInfoSender Send - 電文作成者を作成します
INFO  2019-07-23 17:13:38.565 [1] ARISSend.Model.ReportDokueiInfoSender Send - 電文を作成します。種別=000000000000000013
INFO  2019-07-23 17:13:40.138 [1] ARISSend.Model.MessageCreator.BaseMsgCreator CreateMsg - 既読情報を取得します
DEBUG 2019-07-23 17:13:40.154 [1] ARISSend.Model.MessageCreator.BaseMsgCreator WriteDbCommandLogForLog4net - SELECT EI.ODRID odrid, EI.PATID patid, TO_CHAR(RI.CHECKDATE, 'YYYYMMDD') checkdate_yyyymmdd, TO_CHAR(RI.CHECKDATE, 'HH24MI') checkdate_hh24mi, UM.USERID userid FROM EXAMINFO EI JOIN REPORTINFO RI ON  EI.RPTID = RI.ID JOIN USERMANAGE UM ON  RI.CHECKDOCTOR = UM.USERID WHERE EI.RPTID = :rptid 
DEBUG 2019-07-23 17:13:40.161 [1] ARISSend.Model.MessageCreator.BaseMsgCreator WriteDbCommandLogForLog4net - Index:0,Direction:Input,IsNullable:False,Name:rptid,Type:String,Value:000000000000000013
DEBUG 2019-07-23 17:13:40.177 [1] ARISSend.Model.MessageCreator.BaseMsgCreator WriteDataReaderLogForLog4net - リーダオブジェクトをログ出力します
DEBUG 2019-07-23 17:13:40.184 [1] ARISSend.Model.MessageCreator.BaseMsgCreator WriteDataReaderLogForLog4net - Index:0, Name:ODRID, FieldType:System.String, IsDBNull:True, Value:
DEBUG 2019-07-23 17:13:40.190 [1] ARISSend.Model.MessageCreator.BaseMsgCreator WriteDataReaderLogForLog4net - Index:1, Name:PATID, FieldType:System.String, IsDBNull:False, Value:0000000001
DEBUG 2019-07-23 17:13:40.198 [1] ARISSend.Model.MessageCreator.BaseMsgCreator WriteDataReaderLogForLog4net - Index:2, Name:CHECKDATE_YYYYMMDD, FieldType:System.String, IsDBNull:True, Value:
DEBUG 2019-07-23 17:13:40.204 [1] ARISSend.Model.MessageCreator.BaseMsgCreator WriteDataReaderLogForLog4net - Index:3, Name:CHECKDATE_HH24MI, FieldType:System.String, IsDBNull:True, Value:
DEBUG 2019-07-23 17:13:40.209 [1] ARISSend.Model.MessageCreator.BaseMsgCreator WriteDataReaderLogForLog4net - Index:4, Name:USERID, FieldType:System.String, IsDBNull:False, Value:YOKOGAWA
INFO  2019-07-23 17:13:41.161 [1] ARISSend.Model.ReportDokueiInfoSender Send - 送信処理を行います
DEBUG 2019-07-23 17:13:41.632 [1] ARISSend.Model.ReportDokueiInfoTcpClient SendRecv - ソケット送信します
INFO  2019-07-23 17:13:41.645 [1] ARISSend.Model.ReportDokueiInfoTcpClient SendRecv - ソケット送信電文ログファイル名=20190723171341641_06_SEND.log
INFO  2019-07-23 17:13:41.658 [1] RISCommonLibrary.Lib.Compornent.SimpleTcpClient Send - Sendします
INFO  2019-07-23 17:13:41.666 [1] RISCommonLibrary.Lib.Compornent.SimpleTcpClient Send - Sendしました
DEBUG 2019-07-23 17:13:41.673 [1] ARISSend.Model.ReportDokueiInfoTcpClient SendRecv - ソケット受信します
INFO  2019-07-23 17:13:41.681 [1] RISCommonLibrary.Lib.Compornent.SimpleTcpClient Read - Readします
DEBUG 2019-07-23 17:13:41.686 [1] RISCommonLibrary.Lib.Compornent.SimpleTcpClient Read - ReadStart
DEBUG 2019-07-23 17:13:41.696 [1] RISCommonLibrary.Lib.Compornent.SimpleTcpClient Read - ReadEnd=52バイト
INFO  2019-07-23 17:13:41.705 [1] RISCommonLibrary.Lib.Compornent.SimpleTcpClient Read - Readしました
INFO  2019-07-23 17:13:42.130 [1] ARISSend.Model.ReportDokueiInfoTcpClient SendRecv - ソケット受信電文ログファイル名=20190723171341641_41_RECV.log
DEBUG 2019-07-23 17:13:42.571 [1] ARISSend.Model.ReportDokueiInfoSender CheckResponseWithRetry - 電文受信結果=41
INFO  2019-07-23 17:13:42.580 [1] ARISSend.Model.ReportDokueiInfoSender Send - データベース更新処理を行います
DEBUG 2019-07-23 17:13:43.090 [1] ARISSend.Model.ReportDokueiInfoSender UpdateDBNormal - UpdateDB開始します
DEBUG 2019-07-23 17:13:45.035 [1] ARISSend.Model.ReportDokueiInfoHelper WriteDbCommandLogForLog4net - insert into reportdokueiinfo( ID, REVISION, TRANSFERDATE, TRANSFERTEXT ) values(:id, :revision, SYSDATE, :transfertext ) 
DEBUG 2019-07-23 17:13:45.044 [1] ARISSend.Model.ReportDokueiInfoHelper WriteDbCommandLogForLog4net - Index:0,Direction:Input,IsNullable:False,Name:id,Type:String,Value:000000000000000013
DEBUG 2019-07-23 17:13:45.051 [1] ARISSend.Model.ReportDokueiInfoHelper WriteDbCommandLogForLog4net - Index:1,Direction:Input,IsNullable:False,Name:revision,Type:String,Value:-1
DEBUG 2019-07-23 17:13:45.057 [1] ARISSend.Model.ReportDokueiInfoHelper WriteDbCommandLogForLog4net - Index:2,Direction:Input,IsNullable:False,Name:transfertext,Type:String,Value:00
DEBUG 2019-07-23 17:13:45.064 [1] ARISSend.Model.ReportDokueiInfoHelper UpdateToDB - REPORTDOKUEIINFOテーブルを更新します
DEBUG 2019-07-23 17:13:45.091 [1] ARISSend.Model.ReportDokueiInfoHelper UpdateToDB - REPORTDOKUEIINFOテーブルを更新しました
DEBUG 2019-07-23 17:13:45.099 [1] ARISSend.Model.ReportDokueiInfoSender UpdateDBNormal - UpdateDB終了しました
INFO  2019-07-23 17:13:45.105 [1] ARISSend.Model.ReportDokueiInfoSender Send - IF処理終了します。RequestID=000000000000000013
DEBUG 2019-07-23 17:13:52.710 [1] ARISSend.Model.MessageCreator.BaseMsgCreator RequestClose - 既読:回線切断要求を送信します
DEBUG 2019-07-23 17:13:52.722 [1] ARISSend.Model.ReportDokueiInfoTcpClient SendRecv - ソケット送信します
INFO  2019-07-23 17:13:52.749 [1] ARISSend.Model.ReportDokueiInfoTcpClient SendRecv - ソケット送信電文ログファイル名=20190723171352749_09_SEND.log
INFO  2019-07-23 17:13:52.760 [1] RISCommonLibrary.Lib.Compornent.SimpleTcpClient Send - Sendします
INFO  2019-07-23 17:13:52.767 [1] RISCommonLibrary.Lib.Compornent.SimpleTcpClient Send - Sendしました
DEBUG 2019-07-23 17:13:52.773 [1] ARISSend.Model.ReportDokueiInfoTcpClient SendRecv - ソケット受信します
INFO  2019-07-23 17:13:52.778 [1] RISCommonLibrary.Lib.Compornent.SimpleTcpClient Read - Readします
DEBUG 2019-07-23 17:13:52.785 [1] RISCommonLibrary.Lib.Compornent.SimpleTcpClient Read - ReadStart
DEBUG 2019-07-23 17:13:52.791 [1] RISCommonLibrary.Lib.Compornent.SimpleTcpClient Read - ReadEnd=52バイト
INFO  2019-07-23 17:13:52.797 [1] RISCommonLibrary.Lib.Compornent.SimpleTcpClient Read - Readしました
INFO  2019-07-23 17:13:55.953 [1] ARISSend.Model.ReportDokueiInfoTcpClient SendRecv - ソケット受信電文ログファイル名=20190723171352749_41_RECV.log
INFO  2019-07-23 17:13:55.968 [1] ARISSend.Model.MessageCreator.BaseMsgCreator DisConnectTcp - 既読:切断します
DEBUG 2019-07-23 17:13:55.976 [1] ARISSend.Model.ReportDokueiInfoTcpClient DisConnectTcp - DisConnectTcpします
DEBUG 2019-07-23 17:13:55.984 [1] ARISSend.Model.ReportDokueiInfoTcpClient DisConnectTcp - ソケット切断します
DEBUG 2019-07-23 17:13:55.993 [1] RISCommonLibrary.Lib.Compornent.SimpleTcpClient DisConnect - DisConnectします
DEBUG 2019-07-23 17:13:56.000 [1] RISCommonLibrary.Lib.Compornent.SimpleTcpClient CloseNetworkStream - CloseNetworkStreamします
DEBUG 2019-07-23 17:13:56.006 [1] RISCommonLibrary.Lib.Compornent.SimpleTcpClient CloseNetworkStream - CloseNetworkStreamしました
DEBUG 2019-07-23 17:13:56.014 [1] RISCommonLibrary.Lib.Compornent.SimpleTcpClient CloseTcpClient - CloseTcpClientします
DEBUG 2019-07-23 17:13:56.020 [1] RISCommonLibrary.Lib.Compornent.SimpleTcpClient CloseTcpClient - CloseTcpClientしました
DEBUG 2019-07-23 17:13:56.029 [1] RISCommonLibrary.Lib.Compornent.SimpleTcpClient DisConnect - DisConnectしました
DEBUG 2019-07-23 17:13:56.035 [1] ARISSend.Model.ReportDokueiInfoTcpClient DisConnectTcp - DisConnectTcpしました
INFO  2019-07-23 17:17:58.056 [1] ARISSend.Model.MessageCreator.BaseMsgCreator DisConnectTcp - 既読:切断します
DEBUG 2019-07-23 17:17:58.080 [1] ARISSend.Model.ReportDokueiInfoTcpClient DisConnectTcp - DisConnectTcpします
INFO  2019-07-23 17:28:14.633 [1] ARISSend.ARISSendForm reportDokueiConnectTcpCheckBox_CheckedChanged - 既読ソケット接続を開始します
INFO  2019-07-23 17:28:17.214 [1] ARISSend.Model.MessageCreator.BaseMsgCreator ConnectTcp - 既読:接続します
DEBUG 2019-07-23 17:28:17.227 [1] ARISSend.Model.ReportDokueiInfoTcpClient ConnectTcp - ソケット接続します。Host=192.168.100.50, Port=16030, ConnectionTimeout=10000, SendTimeout=30000, ReceiveTimeout=30000
DEBUG 2019-07-23 17:28:17.236 [1] RISCommonLibrary.Lib.Compornent.SimpleTcpClient Connect - Connectします
DEBUG 2019-07-23 17:28:17.268 [1] RISCommonLibrary.Lib.Compornent.SimpleTcpClient Connect - Connectしました
INFO  2019-07-23 17:28:17.278 [1] ARISSend.ARISSendForm reportDokueiConnectTcpCheckBox_CheckedChanged - 既読ソケット接続を開始しました
DEBUG 2019-07-23 17:28:19.704 [1] ARISSend.Model.ReportDokueiInfoHelper WriteDbCommandLogForLog4net - SELECT RI.ID, RI.REVISION FROM REPORTINFO RI LEFT JOIN REPORTDOKUEIINFO RD ON  RI.ID = RD.ID WHERE RI.CHECKFLG = '1' AND RD.ID IS NULL
DEBUG 2019-07-23 17:28:19.768 [1] ARISSend.Model.ReportDokueiInfoHelper WriteDataReaderLogForLog4net - リーダオブジェクトをログ出力します
DEBUG 2019-07-23 17:28:19.785 [1] ARISSend.Model.ReportDokueiInfoHelper WriteDataReaderLogForLog4net - Index:0, Name:ID, FieldType:System.String, IsDBNull:False, Value:000000000000000001
DEBUG 2019-07-23 17:28:19.794 [1] ARISSend.Model.ReportDokueiInfoHelper WriteDataReaderLogForLog4net - Index:1, Name:REVISION, FieldType:System.Int16, IsDBNull:False, Value:0
INFO  2019-07-23 17:28:19.812 [1] ARISSend.Model.ReportDokueiInfoSender Send - IF処理開始します。RequestID=000000000000000001
DEBUG 2019-07-23 17:28:19.818 [1] ARISSend.Model.ReportDokueiInfoSender Send - 古いログファイルを削除します
DEBUG 2019-07-23 17:28:19.833 [1] ARISSend.Model.ReportDokueiInfoSender Send - 電文作成者を作成します
INFO  2019-07-23 17:28:19.842 [1] ARISSend.Model.ReportDokueiInfoSender Send - 電文を作成します。種別=000000000000000001
INFO  2019-07-23 17:28:21.048 [1] ARISSend.Model.MessageCreator.BaseMsgCreator CreateMsg - 既読情報を取得します
DEBUG 2019-07-23 17:28:21.061 [1] ARISSend.Model.MessageCreator.BaseMsgCreator WriteDbCommandLogForLog4net - SELECT EI.ODRID odrid, EI.PATID patid, TO_CHAR(RI.CHECKDATE, 'YYYYMMDD') checkdate_yyyymmdd, TO_CHAR(RI.CHECKDATE, 'HH24MI') checkdate_hh24mi, UM.USERID userid FROM EXAMINFO EI JOIN REPORTINFO RI ON  EI.RPTID = RI.ID JOIN USERMANAGE UM ON  RI.CHECKDOCTOR = UM.USERID WHERE EI.RPTID = :rptid 
DEBUG 2019-07-23 17:28:21.068 [1] ARISSend.Model.MessageCreator.BaseMsgCreator WriteDbCommandLogForLog4net - Index:0,Direction:Input,IsNullable:False,Name:rptid,Type:String,Value:000000000000000001
DEBUG 2019-07-23 17:28:21.085 [1] ARISSend.Model.MessageCreator.BaseMsgCreator WriteDataReaderLogForLog4net - リーダオブジェクトをログ出力します
DEBUG 2019-07-23 17:28:21.091 [1] ARISSend.Model.MessageCreator.BaseMsgCreator WriteDataReaderLogForLog4net - Index:0, Name:ODRID, FieldType:System.String, IsDBNull:False, Value:2
DEBUG 2019-07-23 17:28:21.098 [1] ARISSend.Model.MessageCreator.BaseMsgCreator WriteDataReaderLogForLog4net - Index:1, Name:PATID, FieldType:System.String, IsDBNull:False, Value:00REP00001
DEBUG 2019-07-23 17:28:21.104 [1] ARISSend.Model.MessageCreator.BaseMsgCreator WriteDataReaderLogForLog4net - Index:2, Name:CHECKDATE_YYYYMMDD, FieldType:System.String, IsDBNull:False, Value:20190719
DEBUG 2019-07-23 17:28:21.112 [1] ARISSend.Model.MessageCreator.BaseMsgCreator WriteDataReaderLogForLog4net - Index:3, Name:CHECKDATE_HH24MI, FieldType:System.String, IsDBNull:False, Value:0000
DEBUG 2019-07-23 17:28:21.120 [1] ARISSend.Model.MessageCreator.BaseMsgCreator WriteDataReaderLogForLog4net - Index:4, Name:USERID, FieldType:System.String, IsDBNull:False, Value:YOKOGAWA
INFO  2019-07-23 17:28:21.764 [1] ARISSend.Model.ReportDokueiInfoSender Send - 送信処理を行います
DEBUG 2019-07-23 17:28:22.009 [1] ARISSend.Model.ReportDokueiInfoTcpClient SendRecv - ソケット送信します
INFO  2019-07-23 17:28:22.017 [1] ARISSend.Model.ReportDokueiInfoTcpClient SendRecv - ソケット送信電文ログファイル名=20190723172822015_06_SEND.log
INFO  2019-07-23 17:28:22.031 [1] RISCommonLibrary.Lib.Compornent.SimpleTcpClient Send - Sendします
INFO  2019-07-23 17:28:22.037 [1] RISCommonLibrary.Lib.Compornent.SimpleTcpClient Send - Sendしました
DEBUG 2019-07-23 17:28:22.046 [1] ARISSend.Model.ReportDokueiInfoTcpClient SendRecv - ソケット受信します
INFO  2019-07-23 17:28:22.062 [1] RISCommonLibrary.Lib.Compornent.SimpleTcpClient Read - Readします
DEBUG 2019-07-23 17:28:22.069 [1] RISCommonLibrary.Lib.Compornent.SimpleTcpClient Read - ReadStart
DEBUG 2019-07-23 17:28:22.080 [1] RISCommonLibrary.Lib.Compornent.SimpleTcpClient Read - ReadEnd=52バイト
INFO  2019-07-23 17:28:22.095 [1] RISCommonLibrary.Lib.Compornent.SimpleTcpClient Read - Readしました
INFO  2019-07-23 17:28:22.273 [1] ARISSend.Model.ReportDokueiInfoTcpClient SendRecv - ソケット受信電文ログファイル名=20190723172822015_41_RECV.log
DEBUG 2019-07-23 17:28:22.570 [1] ARISSend.Model.ReportDokueiInfoSender CheckResponseWithRetry - 電文受信結果=41
INFO  2019-07-23 17:28:22.584 [1] ARISSend.Model.ReportDokueiInfoSender Send - データベース更新処理を行います
DEBUG 2019-07-23 17:28:22.814 [1] ARISSend.Model.ReportDokueiInfoSender UpdateDBNormal - UpdateDB開始します
DEBUG 2019-07-23 17:28:23.360 [1] ARISSend.Model.ReportDokueiInfoHelper WriteDbCommandLogForLog4net - insert into reportdokueiinfo( ID, REVISION, TRANSFERDATE, TRANSFERTEXT ) values(:id, :revision, SYSDATE, :transfertext ) 
DEBUG 2019-07-23 17:28:23.369 [1] ARISSend.Model.ReportDokueiInfoHelper WriteDbCommandLogForLog4net - Index:0,Direction:Input,IsNullable:False,Name:id,Type:String,Value:000000000000000001
DEBUG 2019-07-23 17:28:23.376 [1] ARISSend.Model.ReportDokueiInfoHelper WriteDbCommandLogForLog4net - Index:1,Direction:Input,IsNullable:False,Name:revision,Type:String,Value:0
DEBUG 2019-07-23 17:28:23.385 [1] ARISSend.Model.ReportDokueiInfoHelper WriteDbCommandLogForLog4net - Index:2,Direction:Input,IsNullable:False,Name:transfertext,Type:String,Value:00
DEBUG 2019-07-23 17:28:23.393 [1] ARISSend.Model.ReportDokueiInfoHelper UpdateToDB - REPORTDOKUEIINFOテーブルを更新します
DEBUG 2019-07-23 17:28:23.409 [1] ARISSend.Model.ReportDokueiInfoHelper UpdateToDB - REPORTDOKUEIINFOテーブルを更新しました
DEBUG 2019-07-23 17:28:23.429 [1] ARISSend.Model.ReportDokueiInfoSender UpdateDBNormal - UpdateDB終了しました
INFO  2019-07-23 17:28:23.437 [1] ARISSend.Model.ReportDokueiInfoSender Send - IF処理終了します。RequestID=000000000000000001
DEBUG 2019-07-23 17:28:27.095 [1] ARISSend.Model.MessageCreator.BaseMsgCreator RequestClose - 既読:回線切断要求を送信します
DEBUG 2019-07-23 17:28:27.105 [1] ARISSend.Model.ReportDokueiInfoTcpClient SendRecv - ソケット送信します
INFO  2019-07-23 17:28:27.113 [1] ARISSend.Model.ReportDokueiInfoTcpClient SendRecv - ソケット送信電文ログファイル名=20190723172827113_09_SEND.log
INFO  2019-07-23 17:28:27.127 [1] RISCommonLibrary.Lib.Compornent.SimpleTcpClient Send - Sendします
INFO  2019-07-23 17:28:27.138 [1] RISCommonLibrary.Lib.Compornent.SimpleTcpClient Send - Sendしました
DEBUG 2019-07-23 17:28:27.146 [1] ARISSend.Model.ReportDokueiInfoTcpClient SendRecv - ソケット受信します
INFO  2019-07-23 17:28:27.155 [1] RISCommonLibrary.Lib.Compornent.SimpleTcpClient Read - Readします
DEBUG 2019-07-23 17:28:27.164 [1] RISCommonLibrary.Lib.Compornent.SimpleTcpClient Read - ReadStart
DEBUG 2019-07-23 17:28:27.173 [1] RISCommonLibrary.Lib.Compornent.SimpleTcpClient Read - ReadEnd=52バイト
INFO  2019-07-23 17:28:27.182 [1] RISCommonLibrary.Lib.Compornent.SimpleTcpClient Read - Readしました
